{"level":"info","message":"POST /api/auth/login","timestamp":"2025-12-17T17:35:41.305Z"}
{"level":"info","message":"POST /api/auth/register","timestamp":"2025-12-17T17:37:07.837Z"}
{"level":"info","message":"POST /api/auth/login","timestamp":"2025-12-17T17:37:21.218Z"}
{"level":"info","message":"GET /api/users/me","timestamp":"2025-12-17T17:37:21.406Z"}
{"level":"info","message":"GET /api/users/me","timestamp":"2025-12-17T17:37:21.435Z"}
{"level":"info","message":"GET /api/users/me","timestamp":"2025-12-17T17:37:22.713Z"}
{"level":"info","message":"GET /api/users/me","timestamp":"2025-12-17T17:37:25.119Z"}
{"level":"info","message":"PATCH /api/users/me","timestamp":"2025-12-17T17:37:31.513Z"}
{"level":"info","message":"GET /api/users/me","timestamp":"2025-12-17T17:37:31.551Z"}
{"level":"info","message":"GET /api/users/me","timestamp":"2025-12-17T17:37:31.554Z"}
{"level":"info","message":"GET /api/users/me","timestamp":"2025-12-17T17:37:33.381Z"}
{"level":"info","message":"POST /api/auth/login","timestamp":"2025-12-17T18:46:04.541Z"}
{"level":"info","message":"GET /api/users/me","timestamp":"2025-12-17T18:46:04.663Z"}
{"level":"info","message":"GET /api/users/me","timestamp":"2025-12-17T18:46:04.689Z"}
{"level":"info","message":"GET /api/users/me","timestamp":"2025-12-17T18:46:05.984Z"}
{"level":"info","message":"GET /api/users/me","timestamp":"2025-12-17T18:46:07.682Z"}
{"level":"info","message":"POST /api/auth/login","timestamp":"2025-12-18T04:45:53.595Z"}
{"level":"info","message":"GET /api/users/me","timestamp":"2025-12-18T04:45:53.818Z"}
{"level":"info","message":"GET /api/users/me","timestamp":"2025-12-18T04:45:53.832Z"}
{"level":"info","message":"GET /api/users/me","timestamp":"2025-12-18T04:46:00.220Z"}
{"level":"info","message":"GET /api/users/me","timestamp":"2025-12-18T04:46:05.856Z"}
{"level":"info","message":"GET /api/users/me","timestamp":"2025-12-18T04:46:05.860Z"}
{"level":"info","message":"PATCH /api/users/me","timestamp":"2025-12-18T04:46:06.718Z"}
{"level":"info","message":"GET /api/users/me","timestamp":"2025-12-18T04:46:06.797Z"}
{"level":"info","message":"GET /api/users/me","timestamp":"2025-12-18T04:46:06.799Z"}
{"level":"info","message":"GET /api/users/me","timestamp":"2025-12-18T04:46:12.273Z"}
{"level":"info","message":"GET /api/users/me","timestamp":"2025-12-18T04:46:12.299Z"}
{"level":"info","message":"GET /api/users/me","timestamp":"2025-12-18T04:46:13.568Z"}
{"level":"info","message":"GET /api/users/me","timestamp":"2025-12-18T04:46:13.590Z"}
{"level":"info","message":"GET /api/users/me","timestamp":"2025-12-18T04:46:18.664Z"}
{"level":"info","message":"GET /api/users/me","timestamp":"2025-12-18T04:46:25.504Z"}
{"level":"info","message":"GET /api/users/me","timestamp":"2025-12-18T04:46:27.381Z"}
{"level":"info","message":"GET /api/users/me","timestamp":"2025-12-18T04:46:34.522Z"}
{"level":"info","message":"GET /api/users/me","timestamp":"2025-12-18T04:46:34.543Z"}
{"level":"info","message":"PATCH /api/users/me","timestamp":"2025-12-18T04:46:35.533Z"}
{"level":"info","message":"GET /api/users/me","timestamp":"2025-12-18T04:46:35.617Z"}
{"level":"info","message":"GET /api/users/me","timestamp":"2025-12-18T04:46:35.629Z"}
{"level":"info","message":"GET /api/users/me","timestamp":"2025-12-18T04:46:41.823Z"}
{"level":"info","message":"GET /api/users/me","timestamp":"2025-12-18T04:46:41.860Z"}
{"level":"info","message":"PATCH /api/users/me","timestamp":"2025-12-18T04:46:42.449Z"}
{"level":"info","message":"GET /api/users/me","timestamp":"2025-12-18T04:46:42.532Z"}
{"level":"info","message":"GET /api/users/me","timestamp":"2025-12-18T04:46:42.537Z"}
{"level":"info","message":"GET /api/users/me","timestamp":"2025-12-18T04:46:45.980Z"}
{"level":"info","message":"GET /api/users/me","timestamp":"2025-12-18T04:46:58.058Z"}
{"level":"info","message":"GET /api/users/me","timestamp":"2025-12-18T04:47:04.516Z"}
{"level":"info","message":"GET /api/users/me","timestamp":"2025-12-18T04:47:25.897Z"}
{"level":"info","message":"GET /api/users/me","timestamp":"2025-12-18T04:47:25.918Z"}
{"level":"info","message":"GET /api/users/me","timestamp":"2025-12-18T04:47:27.939Z"}
{"level":"info","message":"GET /api/users/me","timestamp":"2025-12-18T04:47:27.954Z"}
{"level":"info","message":"GET /api/users/me","timestamp":"2025-12-18T04:47:31.931Z"}
{"level":"info","message":"GET /api/users/me","timestamp":"2025-12-18T04:47:31.961Z"}
{"level":"info","message":"GET /api/users/me","timestamp":"2025-12-18T04:47:48.184Z"}
{"level":"info","message":"GET /api/users/me","timestamp":"2025-12-18T04:47:48.385Z"}
{"level":"info","message":"GET /api/users/me","timestamp":"2025-12-18T04:47:56.387Z"}
{"level":"info","message":"GET /api/users/me","timestamp":"2025-12-18T04:47:56.398Z"}
{"level":"info","message":"GET /api/users/me","timestamp":"2025-12-18T04:48:03.814Z"}
{"level":"info","message":"POST /api/auth/login","timestamp":"2025-12-18T04:48:53.492Z"}
{"level":"info","message":"GET /api/users/me","timestamp":"2025-12-18T04:48:53.581Z"}
{"level":"info","message":"GET /api/users/me","timestamp":"2025-12-18T04:48:53.612Z"}
{"level":"info","message":"GET /api/users/me","timestamp":"2025-12-18T04:48:54.842Z"}
{"level":"info","message":"GET /api/users/me","timestamp":"2025-12-18T04:48:57.107Z"}
{"level":"info","message":"GET /api/users/me","timestamp":"2025-12-18T04:48:59.952Z"}
{"level":"info","message":"GET /api/users/me","timestamp":"2025-12-18T04:48:59.981Z"}
{"level":"info","message":"PATCH /api/users/me","timestamp":"2025-12-18T04:49:01.512Z"}
{"level":"info","message":"GET /api/users/me","timestamp":"2025-12-18T04:49:01.560Z"}
{"level":"info","message":"GET /api/users/me","timestamp":"2025-12-18T04:49:01.567Z"}
{"level":"info","message":"GET /api/users/me","timestamp":"2025-12-18T04:49:04.285Z"}
{"level":"info","message":"GET /api/users/me","timestamp":"2025-12-18T04:49:12.879Z"}
{"level":"info","message":"GET /api/users/me","timestamp":"2025-12-18T04:49:12.880Z"}
{"level":"info","message":"PATCH /api/users/me","timestamp":"2025-12-18T04:49:13.419Z"}
{"level":"info","message":"GET /api/users/me","timestamp":"2025-12-18T04:49:13.508Z"}
{"level":"info","message":"GET /api/users/me","timestamp":"2025-12-18T04:49:13.509Z"}
{"level":"info","message":"GET /api/users/me","timestamp":"2025-12-18T04:49:18.056Z"}
{"level":"info","message":"POST /api/auth/login","timestamp":"2025-12-18T05:19:10.645Z"}
{"level":"info","message":"GET /api/users/me","timestamp":"2025-12-18T05:19:10.764Z"}
{"level":"info","message":"GET /api/users/me","timestamp":"2025-12-18T05:19:10.786Z"}
{"level":"info","message":"GET /api/users/me","timestamp":"2025-12-18T05:19:12.442Z"}
{"level":"info","message":"GET /api/users/me","timestamp":"2025-12-18T05:31:28.816Z"}
{"level":"info","message":"GET /api/users/me","timestamp":"2025-12-18T05:31:33.460Z"}
{"level":"info","message":"GET /api/users/me","timestamp":"2025-12-18T05:31:36.449Z"}
{"level":"info","message":"GET /api/users/me","timestamp":"2025-12-18T05:31:43.760Z"}
{"level":"info","message":"GET /api/users/me","timestamp":"2025-12-18T05:31:49.192Z"}
{"level":"info","message":"PATCH /api/users/me","timestamp":"2025-12-18T05:32:00.075Z"}
{"level":"info","message":"GET /api/users/me","timestamp":"2025-12-18T05:32:00.133Z"}
{"level":"info","message":"GET /api/users/me","timestamp":"2025-12-18T05:32:00.147Z"}
{"level":"info","message":"GET /api/users/me","timestamp":"2025-12-18T05:32:02.051Z"}
{"level":"info","message":"GET /api/users/me","timestamp":"2025-12-18T05:34:53.329Z"}
{"level":"info","message":"GET /api/users/me","timestamp":"2025-12-18T05:35:01.197Z"}
{"level":"info","message":"GET /api/users/me","timestamp":"2025-12-18T05:35:01.221Z"}
{"level":"info","message":"PATCH /api/users/me","timestamp":"2025-12-18T05:35:02.721Z"}
{"level":"info","message":"GET /api/users/me","timestamp":"2025-12-18T05:35:02.791Z"}
{"level":"info","message":"GET /api/users/me","timestamp":"2025-12-18T05:35:02.798Z"}
{"level":"info","message":"GET /api/users/me","timestamp":"2025-12-18T05:35:06.823Z"}
{"level":"info","message":"GET /api/users/me","timestamp":"2025-12-18T05:35:10.809Z"}
{"level":"info","message":"GET /api/users/me","timestamp":"2025-12-18T05:35:10.833Z"}
{"level":"info","message":"GET /api/users/me","timestamp":"2025-12-18T05:35:16.276Z"}
{"level":"info","message":"GET /api/users/me","timestamp":"2025-12-18T05:35:16.296Z"}
{"level":"info","message":"PATCH /api/users/me","timestamp":"2025-12-18T05:35:17.195Z"}
{"level":"info","message":"GET /api/users/me","timestamp":"2025-12-18T05:35:17.284Z"}
{"level":"info","message":"GET /api/users/me","timestamp":"2025-12-18T05:35:17.294Z"}
{"level":"info","message":"GET /api/users/me","timestamp":"2025-12-18T05:35:20.735Z"}
{"level":"info","message":"GET /api/users/me","timestamp":"2025-12-18T05:35:30.625Z"}
{"level":"info","message":"GET /api/users/me","timestamp":"2025-12-18T05:35:30.637Z"}
{"level":"info","message":"PATCH /api/users/me","timestamp":"2025-12-18T05:35:31.653Z"}
{"level":"info","message":"GET /api/users/me","timestamp":"2025-12-18T05:35:31.733Z"}
{"level":"info","message":"GET /api/users/me","timestamp":"2025-12-18T05:35:31.733Z"}
{"level":"info","message":"GET /api/users/me","timestamp":"2025-12-18T05:35:35.029Z"}
{"level":"info","message":"GET /api/users/me","timestamp":"2025-12-18T05:35:39.698Z"}
{"level":"info","message":"GET /api/users/me","timestamp":"2025-12-18T05:35:39.723Z"}
{"level":"info","message":"PATCH /api/users/me","timestamp":"2025-12-18T05:35:40.269Z"}
{"level":"info","message":"GET /api/users/me","timestamp":"2025-12-18T05:35:40.361Z"}
{"level":"info","message":"GET /api/users/me","timestamp":"2025-12-18T05:35:40.372Z"}
{"level":"info","message":"POST /api/auth/login","timestamp":"2025-12-18T05:36:03.520Z"}
{"level":"info","message":"GET /api/users/me","timestamp":"2025-12-18T05:36:03.638Z"}
{"level":"info","message":"GET /api/users/me","timestamp":"2025-12-18T05:36:03.676Z"}
{"level":"info","message":"GET /api/users/me","timestamp":"2025-12-18T05:36:06.254Z"}
{"level":"info","message":"GET /api/users/me","timestamp":"2025-12-18T05:36:13.247Z"}
{"level":"info","message":"POST /api/auth/login","timestamp":"2025-12-18T05:37:02.863Z"}
{"level":"info","message":"GET /api/users/me","timestamp":"2025-12-18T05:37:02.991Z"}
{"level":"info","message":"GET /api/users/me","timestamp":"2025-12-18T05:37:03.022Z"}
{"level":"info","message":"GET /api/users/me","timestamp":"2025-12-18T05:37:04.788Z"}
{"level":"info","message":"GET /api/users/me","timestamp":"2025-12-18T05:37:08.757Z"}
{"level":"info","message":"GET /api/users/me","timestamp":"2025-12-18T05:37:08.774Z"}
{"level":"info","message":"PATCH /api/users/me","timestamp":"2025-12-18T05:37:09.517Z"}
{"level":"info","message":"GET /api/users/me","timestamp":"2025-12-18T05:37:09.591Z"}
{"level":"info","message":"GET /api/users/me","timestamp":"2025-12-18T05:37:09.592Z"}
{"level":"info","message":"GET /api/users/me","timestamp":"2025-12-18T05:37:12.383Z"}
{"level":"info","message":"GET /api/users/me","timestamp":"2025-12-18T05:37:19.379Z"}
{"level":"info","message":"POST /api/auth/register","timestamp":"2025-12-18T05:37:47.402Z"}
{"level":"info","message":"POST /api/auth/login","timestamp":"2025-12-18T05:37:59.657Z"}
{"level":"info","message":"POST /api/auth/login","timestamp":"2025-12-18T05:38:09.650Z"}
{"level":"info","message":"GET /api/users/me","timestamp":"2025-12-18T05:38:09.750Z"}
{"level":"info","message":"GET /api/users/me","timestamp":"2025-12-18T05:38:09.777Z"}
{"level":"info","message":"GET /api/users/me","timestamp":"2025-12-18T05:38:11.534Z"}
{"level":"info","message":"GET /api/users/me","timestamp":"2025-12-18T05:38:15.722Z"}
{"level":"info","message":"GET /api/users/me","timestamp":"2025-12-18T05:38:15.741Z"}
{"level":"info","message":"PATCH /api/users/me","timestamp":"2025-12-18T05:38:16.418Z"}
{"level":"info","message":"GET /api/users/me","timestamp":"2025-12-18T05:38:16.479Z"}
{"level":"info","message":"GET /api/users/me","timestamp":"2025-12-18T05:38:16.488Z"}
{"level":"info","message":"GET /api/users/me","timestamp":"2025-12-18T05:38:18.864Z"}
{"level":"info","message":"GET /api/users/me","timestamp":"2025-12-18T05:38:28.961Z"}
{"level":"info","message":"GET /api/users/me","timestamp":"2025-12-18T05:38:28.979Z"}
{"level":"info","message":"PATCH /api/users/me","timestamp":"2025-12-18T05:38:29.757Z"}
{"level":"info","message":"GET /api/users/me","timestamp":"2025-12-18T05:38:29.841Z"}
{"level":"info","message":"GET /api/users/me","timestamp":"2025-12-18T05:38:29.848Z"}
{"level":"info","message":"GET /api/users/me","timestamp":"2025-12-18T05:38:32.947Z"}
{"level":"info","message":"GET /api/users/me","timestamp":"2025-12-18T05:39:13.281Z"}
{"level":"info","message":"GET /api/users/me","timestamp":"2025-12-18T05:39:13.300Z"}
{"level":"info","message":"POST /api/auth/login","timestamp":"2025-12-21T06:39:01.467Z"}
{"level":"info","message":"POST /api/auth/login","timestamp":"2025-12-21T06:39:02.982Z"}
{"level":"info","message":"POST /api/auth/login","timestamp":"2025-12-21T06:39:34.680Z"}
{"level":"info","message":"GET /api/users/me","timestamp":"2025-12-21T06:39:34.855Z"}
{"level":"info","message":"GET /api/users/me","timestamp":"2025-12-21T06:39:34.870Z"}
{"level":"info","message":"GET /api/users/me","timestamp":"2025-12-21T06:39:37.066Z"}
{"level":"info","message":"GET /api/users/me","timestamp":"2025-12-21T06:39:43.808Z"}
{"level":"info","message":"GET /api/users/me","timestamp":"2025-12-21T06:39:43.842Z"}
{"level":"info","message":"PATCH /api/users/me","timestamp":"2025-12-21T06:39:45.312Z"}
{"level":"info","message":"GET /api/users/me","timestamp":"2025-12-21T06:39:45.378Z"}
{"level":"info","message":"GET /api/users/me","timestamp":"2025-12-21T06:39:45.383Z"}
{"level":"info","message":"GET /api/users/me","timestamp":"2025-12-21T06:39:52.046Z"}
{"level":"info","message":"POST /api/auth/login","timestamp":"2025-12-21T06:42:38.840Z"}
{"level":"info","message":"GET /api/users/me","timestamp":"2025-12-21T06:42:38.983Z"}
{"level":"info","message":"GET /api/users/me","timestamp":"2025-12-21T06:42:39.003Z"}
{"level":"info","message":"GET /api/users/me","timestamp":"2025-12-21T06:42:40.781Z"}
{"level":"info","message":"GET /api/users/me","timestamp":"2025-12-21T06:42:47.064Z"}
{"level":"info","message":"GET /api/users/me","timestamp":"2025-12-21T06:42:47.105Z"}
{"level":"info","message":"PATCH /api/users/me","timestamp":"2025-12-21T06:42:48.002Z"}
{"level":"info","message":"GET /api/users/me","timestamp":"2025-12-21T06:42:48.080Z"}
{"level":"info","message":"GET /api/users/me","timestamp":"2025-12-21T06:42:48.085Z"}
{"level":"info","message":"GET /api/users/me","timestamp":"2025-12-21T06:42:50.560Z"}
{"level":"info","message":"GET /api/users/me","timestamp":"2025-12-21T06:42:53.047Z"}
{"level":"info","message":"GET /api/users/me","timestamp":"2025-12-21T06:42:55.214Z"}
{"level":"info","message":"GET /api/users/me","timestamp":"2025-12-21T06:42:56.704Z"}
{"level":"info","message":"GET /api/users/me","timestamp":"2025-12-21T06:42:58.334Z"}
{"level":"info","message":"POST /api/auth/login","timestamp":"2025-12-21T07:51:44.934Z"}
{"level":"info","message":"GET /api/users/me","timestamp":"2025-12-21T07:51:45.106Z"}
{"level":"info","message":"GET /api/users/me","timestamp":"2025-12-21T07:51:45.125Z"}
{"level":"info","message":"GET /api/users/me","timestamp":"2025-12-21T07:54:06.818Z"}
{"level":"info","message":"GET /api/users/me","timestamp":"2025-12-21T07:54:06.853Z"}
{"level":"info","message":"POST /api/auth/login","timestamp":"2025-12-21T07:55:23.711Z"}
{"level":"info","message":"GET /api/users/me","timestamp":"2025-12-21T07:55:23.834Z"}
{"level":"info","message":"GET /api/users/me","timestamp":"2025-12-21T07:55:23.855Z"}
{"level":"info","message":"GET /api/users/me","timestamp":"2025-12-21T07:55:24.986Z"}
{"level":"info","message":"GET /api/users/me","timestamp":"2025-12-21T07:55:29.494Z"}
{"level":"info","message":"GET /api/users/me","timestamp":"2025-12-21T07:55:34.031Z"}
{"level":"info","message":"GET /api/users/me","timestamp":"2025-12-21T07:55:34.050Z"}
{"level":"info","message":"PATCH /api/users/me","timestamp":"2025-12-21T07:55:34.911Z"}
{"level":"info","message":"GET /api/users/me","timestamp":"2025-12-21T07:55:34.988Z"}
{"level":"info","message":"GET /api/users/me","timestamp":"2025-12-21T07:55:34.993Z"}
{"level":"info","message":"PATCH /api/users/me","timestamp":"2025-12-21T07:55:35.441Z"}
{"level":"info","message":"GET /api/users/me","timestamp":"2025-12-21T07:55:35.500Z"}
{"level":"info","message":"GET /api/users/me","timestamp":"2025-12-21T07:55:35.501Z"}
{"level":"info","message":"POST /api/auth/login","timestamp":"2025-12-21T19:08:56.676Z"}
{"level":"info","message":"GET /api/users/me","timestamp":"2025-12-21T19:08:56.790Z"}
{"level":"info","message":"GET /api/users/me","timestamp":"2025-12-21T19:08:56.816Z"}
{"level":"info","message":"POST /api/auth/login","timestamp":"2025-12-21T19:09:42.549Z"}
{"level":"info","message":"GET /api/users/me","timestamp":"2025-12-21T19:09:42.646Z"}
{"level":"info","message":"GET /api/users/me","timestamp":"2025-12-21T19:09:42.680Z"}
{"level":"info","message":"POST /api/auth/login","timestamp":"2025-12-21T19:11:57.553Z"}
{"level":"info","message":"GET /api/users/me","timestamp":"2025-12-21T19:11:57.729Z"}
{"level":"info","message":"GET /api/users/me","timestamp":"2025-12-21T19:11:57.760Z"}
{"level":"info","message":"GET /api/users/me","timestamp":"2025-12-21T19:13:03.992Z"}
{"level":"info","message":"GET /api/users/me","timestamp":"2025-12-21T19:13:31.205Z"}
{"level":"info","message":"GET /api/users/me","timestamp":"2025-12-21T19:16:59.451Z"}
{"level":"info","message":"GET /api/users/me","timestamp":"2025-12-21T19:17:19.463Z"}
{"level":"info","message":"GET /api/users/me","timestamp":"2025-12-21T19:17:24.596Z"}
{"level":"info","message":"GET /api/users/me","timestamp":"2025-12-21T19:18:11.111Z"}
{"level":"info","message":"GET /api/users/me","timestamp":"2025-12-21T19:18:16.422Z"}
{"level":"info","message":"GET /api/users/me","timestamp":"2025-12-21T19:18:26.678Z"}
{"level":"info","message":"GET /api/users/me","timestamp":"2025-12-21T19:22:17.553Z"}
{"level":"info","message":"GET /api/users/me","timestamp":"2025-12-21T19:22:22.736Z"}
{"level":"info","message":"POST /api/auth/login","timestamp":"2025-12-21T19:25:18.303Z"}
{"level":"info","message":"GET /api/users/me","timestamp":"2025-12-21T19:25:18.431Z"}
{"level":"info","message":"GET /api/users/me","timestamp":"2025-12-21T19:25:18.454Z"}
{"level":"info","message":"POST /api/auth/login","timestamp":"2025-12-21T19:25:53.023Z"}
{"level":"info","message":"GET /api/users/me","timestamp":"2025-12-21T19:25:53.129Z"}
{"level":"info","message":"GET /api/users/me","timestamp":"2025-12-21T19:25:53.148Z"}
{"level":"info","message":"GET /api/users/me","timestamp":"2025-12-21T19:25:54.053Z"}
{"level":"info","message":"POST /api/auth/login","timestamp":"2025-12-21T19:27:10.485Z"}
{"level":"info","message":"GET /api/users/me","timestamp":"2025-12-21T19:27:10.605Z"}
{"level":"info","message":"GET /api/users/me","timestamp":"2025-12-21T19:27:10.642Z"}
{"level":"info","message":"GET /api/users/me","timestamp":"2025-12-21T19:27:11.346Z"}
{"level":"info","message":"GET /api/users/me","timestamp":"2025-12-21T19:27:18.487Z"}
{"level":"info","message":"GET /api/users/me","timestamp":"2025-12-21T19:27:21.167Z"}
{"level":"info","message":"GET /api/users/me","timestamp":"2025-12-21T19:27:23.009Z"}
{"level":"info","message":"GET /api/users/me","timestamp":"2025-12-21T19:27:26.314Z"}
{"level":"info","message":"GET /api/users/me","timestamp":"2025-12-21T19:27:27.583Z"}
{"level":"info","message":"POST /api/auth/login","timestamp":"2025-12-21T19:27:44.872Z"}
{"level":"info","message":"GET /api/users/me","timestamp":"2025-12-21T19:27:44.998Z"}
{"level":"info","message":"GET /api/users/me","timestamp":"2025-12-21T19:27:45.030Z"}
{"level":"info","message":"GET /api/users/me","timestamp":"2025-12-21T19:27:45.864Z"}
{"level":"info","message":"GET /api/users/me","timestamp":"2025-12-21T19:27:55.751Z"}
{"level":"info","message":"GET /api/users/me","timestamp":"2025-12-21T19:27:55.796Z"}
{"level":"info","message":"GET /api/users/me","timestamp":"2025-12-21T19:27:57.181Z"}
{"level":"info","message":"GET /api/users/me","timestamp":"2025-12-21T19:27:57.213Z"}
{"level":"info","message":"GET /api/users/me","timestamp":"2025-12-21T19:27:58.645Z"}
{"level":"info","message":"GET /api/users/me","timestamp":"2025-12-21T19:27:58.696Z"}
{"level":"info","message":"GET /api/users/me","timestamp":"2025-12-21T19:28:00.332Z"}
{"level":"info","message":"GET /api/users/me","timestamp":"2025-12-21T19:28:00.352Z"}
{"level":"info","message":"GET /api/users/me","timestamp":"2025-12-21T19:28:04.357Z"}
{"level":"info","message":"GET /api/users/me","timestamp":"2025-12-21T19:28:04.375Z"}
{"level":"info","message":"POST /api/auth/login","timestamp":"2025-12-21T19:29:16.716Z"}
{"level":"info","message":"GET /api/users/me","timestamp":"2025-12-21T19:29:16.794Z"}
{"level":"info","message":"GET /api/users/me","timestamp":"2025-12-21T19:29:16.822Z"}
{"level":"info","message":"GET /api/users/me","timestamp":"2025-12-21T19:29:17.569Z"}
{"level":"info","message":"GET /api/users/me","timestamp":"2025-12-21T19:29:18.708Z"}
{"level":"info","message":"GET /api/users/me","timestamp":"2025-12-21T19:29:18.730Z"}
{"level":"info","message":"GET /api/users/me","timestamp":"2025-12-21T19:30:18.319Z"}
{"level":"info","message":"GET /api/users/me","timestamp":"2025-12-21T19:30:20.371Z"}
{"level":"info","message":"GET /api/users/me","timestamp":"2025-12-21T19:30:22.388Z"}
{"level":"info","message":"GET /api/users/me","timestamp":"2025-12-21T19:30:25.731Z"}
{"level":"info","message":"GET /api/users/me","timestamp":"2025-12-21T19:30:27.749Z"}
{"level":"info","message":"GET /api/users/me","timestamp":"2025-12-21T19:30:29.862Z"}
{"level":"info","message":"GET /api/users/me","timestamp":"2025-12-21T19:30:32.868Z"}
{"level":"info","message":"GET /api/users/me","timestamp":"2025-12-21T19:30:36.872Z"}
{"level":"info","message":"GET /api/users/me","timestamp":"2025-12-21T19:32:55.664Z"}
{"level":"info","message":"GET /api/users/me","timestamp":"2025-12-21T19:33:26.824Z"}
{"level":"info","message":"GET /api/users/me","timestamp":"2025-12-21T19:33:28.148Z"}
{"level":"info","message":"GET /api/users/me","timestamp":"2025-12-21T19:34:00.404Z"}
{"level":"info","message":"GET /api/users/me","timestamp":"2025-12-21T19:34:03.271Z"}
{"level":"info","message":"GET /api/users/me","timestamp":"2025-12-21T19:34:15.869Z"}
{"level":"info","message":"GET /api/users/me","timestamp":"2025-12-21T19:34:23.486Z"}
{"level":"info","message":"GET /api/users/me","timestamp":"2025-12-21T19:34:35.335Z"}
{"level":"info","message":"GET /api/users/me","timestamp":"2025-12-21T19:34:40.752Z"}
{"level":"info","message":"GET /api/users/me","timestamp":"2025-12-21T19:34:47.508Z"}
{"level":"info","message":"GET /api/users/me","timestamp":"2025-12-21T19:34:57.462Z"}
{"level":"info","message":"GET /api/users/me","timestamp":"2025-12-21T19:35:32.244Z"}
{"level":"info","message":"GET /api/users/me","timestamp":"2025-12-21T19:35:54.190Z"}
{"level":"info","message":"GET /api/users/me","timestamp":"2025-12-21T19:35:59.210Z"}
{"level":"info","message":"GET /api/users/me","timestamp":"2025-12-21T19:36:01.868Z"}
{"level":"info","message":"GET /api/users/me","timestamp":"2025-12-21T19:36:30.958Z"}
{"level":"info","message":"GET /api/users/me","timestamp":"2025-12-21T19:36:32.519Z"}
{"level":"info","message":"GET /api/users/me","timestamp":"2025-12-21T19:36:34.868Z"}
{"level":"info","message":"GET /api/users/me","timestamp":"2025-12-21T19:36:41.501Z"}
{"level":"info","message":"GET /api/users/me","timestamp":"2025-12-21T19:36:45.426Z"}
{"level":"info","message":"GET /api/users/me","timestamp":"2025-12-21T19:37:13.153Z"}
{"level":"info","message":"GET /api/users/me","timestamp":"2025-12-21T19:37:22.344Z"}
{"level":"info","message":"GET /api/users/me","timestamp":"2025-12-21T19:37:25.403Z"}
{"level":"info","message":"GET /api/users/me","timestamp":"2025-12-21T19:38:04.265Z"}
{"level":"info","message":"GET /api/users/me","timestamp":"2025-12-21T19:38:07.795Z"}
{"level":"info","message":"GET /api/users/me","timestamp":"2025-12-21T19:38:14.773Z"}
{"level":"info","message":"GET /api/users/me","timestamp":"2025-12-21T19:38:17.241Z"}
{"level":"info","message":"GET /api/users/me","timestamp":"2025-12-21T19:38:37.110Z"}
{"level":"info","message":"GET /api/users/me","timestamp":"2025-12-21T19:38:44.034Z"}
{"level":"info","message":"GET /api/users/me","timestamp":"2025-12-21T19:40:01.172Z"}
{"level":"info","message":"GET /api/users/me","timestamp":"2025-12-21T19:40:08.977Z"}
{"level":"info","message":"GET /api/users/me","timestamp":"2025-12-21T19:40:20.126Z"}
{"level":"info","message":"GET /api/users/me","timestamp":"2025-12-21T19:40:24.420Z"}
{"level":"info","message":"POST /api/auth/login","timestamp":"2025-12-21T19:44:34.914Z"}
{"level":"info","message":"GET /api/users/me","timestamp":"2025-12-21T19:44:35.043Z"}
{"level":"info","message":"GET /api/users/me","timestamp":"2025-12-21T19:44:35.061Z"}
{"level":"info","message":"GET /api/users/me","timestamp":"2025-12-21T19:44:35.988Z"}
{"level":"info","message":"GET /api/users/me","timestamp":"2025-12-21T19:45:03.448Z"}
{"level":"info","message":"GET /api/users/me","timestamp":"2025-12-21T19:45:37.574Z"}
{"level":"info","message":"GET /api/users/me","timestamp":"2025-12-21T19:45:39.090Z"}
{"level":"info","message":"GET /api/users/me","timestamp":"2025-12-21T19:45:40.397Z"}
{"level":"info","message":"GET /api/users/me","timestamp":"2025-12-21T19:45:43.654Z"}
{"level":"info","message":"GET /api/users/me","timestamp":"2025-12-21T19:45:53.010Z"}
{"level":"info","message":"GET /api/users/me","timestamp":"2025-12-21T19:46:04.926Z"}
{"level":"info","message":"GET /api/users/me","timestamp":"2025-12-21T19:46:06.533Z"}
{"level":"info","message":"GET /api/users/me","timestamp":"2025-12-21T19:46:07.905Z"}
{"level":"info","message":"GET /api/users/me","timestamp":"2025-12-21T19:46:47.837Z"}
{"level":"info","message":"GET /api/users/me","timestamp":"2025-12-21T19:46:47.843Z"}
{"level":"info","message":"GET /api/users/me","timestamp":"2025-12-21T19:47:06.255Z"}
{"level":"info","message":"GET /api/users/me","timestamp":"2025-12-21T19:47:06.256Z"}
{"level":"info","message":"GET /api/users/me","timestamp":"2025-12-21T19:47:59.730Z"}
{"level":"info","message":"GET /api/users/me","timestamp":"2025-12-21T19:47:59.733Z"}
{"level":"info","message":"GET /api/users/me","timestamp":"2025-12-21T19:48:23.144Z"}
{"level":"info","message":"GET /api/users/me","timestamp":"2025-12-21T19:48:23.149Z"}
{"level":"info","message":"GET /api/users/me","timestamp":"2025-12-21T19:48:25.509Z"}
{"level":"info","message":"GET /api/users/me","timestamp":"2025-12-21T19:48:25.510Z"}
{"level":"info","message":"GET /api/users/me","timestamp":"2025-12-21T19:48:44.373Z"}
{"level":"info","message":"GET /api/users/me","timestamp":"2025-12-21T19:48:44.374Z"}
{"level":"info","message":"GET /api/users/me","timestamp":"2025-12-21T19:48:47.330Z"}
{"level":"info","message":"GET /api/users/me","timestamp":"2025-12-21T19:48:47.331Z"}
{"level":"info","message":"GET /api/users/me","timestamp":"2025-12-21T19:49:03.084Z"}
{"level":"info","message":"GET /api/users/me","timestamp":"2025-12-21T19:49:09.558Z"}
{"level":"info","message":"GET /api/users/me","timestamp":"2025-12-21T19:49:17.027Z"}
{"level":"info","message":"GET /api/users/me","timestamp":"2025-12-21T19:49:17.027Z"}
{"level":"info","message":"GET /api/users/me","timestamp":"2025-12-21T19:50:08.820Z"}
{"level":"info","message":"GET /api/users/me","timestamp":"2025-12-21T19:50:13.861Z"}
{"level":"info","message":"GET /api/users/me","timestamp":"2025-12-21T19:50:26.358Z"}
{"level":"info","message":"GET /api/users/me","timestamp":"2025-12-21T19:50:34.122Z"}
{"level":"info","message":"GET /api/users/me","timestamp":"2025-12-21T19:52:14.175Z"}
{"level":"info","message":"GET /api/users/me","timestamp":"2025-12-21T19:52:16.217Z"}
{"level":"info","message":"GET /api/users/me","timestamp":"2025-12-21T19:52:17.743Z"}
{"level":"info","message":"GET /api/users/me","timestamp":"2025-12-21T19:52:19.079Z"}
{"level":"info","message":"GET /api/users/me","timestamp":"2025-12-21T19:53:24.224Z"}
{"level":"info","message":"GET /api/users/me","timestamp":"2025-12-21T19:53:57.697Z"}
{"level":"info","message":"PATCH /api/users/me","timestamp":"2025-12-21T19:53:59.368Z"}
{"level":"info","message":"GET /api/users/me","timestamp":"2025-12-21T19:54:01.397Z"}
{"level":"info","message":"PATCH /api/users/me","timestamp":"2025-12-21T19:54:02.134Z"}
{"level":"info","message":"GET /api/users/me","timestamp":"2025-12-21T19:54:03.388Z"}
{"level":"info","message":"PATCH /api/users/me","timestamp":"2025-12-21T19:54:08.726Z"}
{"level":"info","message":"PATCH /api/users/me","timestamp":"2025-12-21T19:54:10.540Z"}
{"level":"info","message":"PATCH /api/users/me","timestamp":"2025-12-21T19:54:12.977Z"}
{"level":"info","message":"GET /api/users/me","timestamp":"2025-12-21T19:54:15.529Z"}
{"level":"info","message":"GET /api/users/me","timestamp":"2025-12-21T19:54:18.750Z"}
{"level":"info","message":"GET /api/users/me","timestamp":"2025-12-21T19:54:20.545Z"}
{"level":"info","message":"GET /api/users/me","timestamp":"2025-12-21T19:56:01.268Z"}
{"level":"info","message":"GET /api/users/me","timestamp":"2025-12-21T19:56:01.269Z"}
{"level":"info","message":"PATCH /api/users/me","timestamp":"2025-12-21T19:56:06.908Z"}
{"level":"info","message":"GET /api/users/me","timestamp":"2025-12-21T20:00:09.744Z"}
{"level":"info","message":"GET /api/users/me","timestamp":"2025-12-21T20:00:09.760Z"}
{"level":"info","message":"GET /api/users/me","timestamp":"2025-12-21T20:00:59.714Z"}
{"level":"info","message":"GET /api/users/me","timestamp":"2025-12-21T20:00:59.715Z"}
{"level":"info","message":"GET /api/users/me","timestamp":"2025-12-21T20:00:59.716Z"}
{"level":"info","message":"GET /api/users/me","timestamp":"2025-12-21T20:00:59.731Z"}
{"level":"info","message":"GET /api/users/me","timestamp":"2025-12-21T20:01:06.586Z"}
{"level":"info","message":"GET /api/users/me","timestamp":"2025-12-21T20:01:06.590Z"}
{"level":"info","message":"GET /api/users/me","timestamp":"2025-12-21T20:01:06.590Z"}
{"level":"info","message":"GET /api/users/me","timestamp":"2025-12-21T20:01:06.598Z"}
{"level":"info","message":"GET /api/users/me","timestamp":"2025-12-21T20:01:22.025Z"}
{"level":"info","message":"GET /api/users/me","timestamp":"2025-12-21T20:01:30.305Z"}
{"level":"info","message":"GET /api/users/me","timestamp":"2025-12-21T20:01:38.129Z"}
{"level":"info","message":"GET /api/users/me","timestamp":"2025-12-21T20:01:38.130Z"}
{"level":"info","message":"GET /api/users/me","timestamp":"2025-12-21T20:01:38.133Z"}
{"level":"info","message":"GET /api/users/me","timestamp":"2025-12-21T20:01:38.142Z"}
{"level":"info","message":"PATCH /api/users/me","timestamp":"2025-12-21T20:01:43.417Z"}
{"level":"info","message":"PATCH /api/users/me","timestamp":"2025-12-21T20:01:43.418Z"}
{"level":"info","message":"PATCH /api/users/me","timestamp":"2025-12-21T20:01:43.418Z"}
{"level":"info","message":"PATCH /api/users/me","timestamp":"2025-12-21T20:01:43.422Z"}
{"level":"info","message":"GET /api/users/me","timestamp":"2025-12-21T20:01:43.423Z"}
{"level":"info","message":"PATCH /api/users/me","timestamp":"2025-12-21T20:01:43.428Z"}
{"level":"info","message":"PATCH /api/users/me","timestamp":"2025-12-21T20:01:43.428Z"}
{"level":"info","message":"PATCH /api/users/me","timestamp":"2025-12-21T20:01:43.437Z"}
{"level":"info","message":"PATCH /api/users/me","timestamp":"2025-12-21T20:01:43.440Z"}
{"level":"info","message":"PATCH /api/users/me","timestamp":"2025-12-21T20:01:43.448Z"}
{"level":"info","message":"PATCH /api/users/me","timestamp":"2025-12-21T20:01:43.449Z"}
{"level":"info","message":"PATCH /api/users/me","timestamp":"2025-12-21T20:01:43.464Z"}
{"level":"info","message":"PATCH /api/users/me","timestamp":"2025-12-21T20:01:43.469Z"}
{"level":"info","message":"GET /api/users/me","timestamp":"2025-12-21T20:01:46.452Z"}
{"level":"info","message":"GET /api/users/me","timestamp":"2025-12-21T20:01:59.119Z"}
{"level":"info","message":"GET /api/users/me","timestamp":"2025-12-21T20:01:59.127Z"}
{"level":"info","message":"PATCH /api/users/me","timestamp":"2025-12-21T20:01:59.877Z"}
{"level":"info","message":"GET /api/users/me","timestamp":"2025-12-21T20:01:59.925Z"}
{"level":"info","message":"GET /api/users/me","timestamp":"2025-12-21T20:01:59.930Z"}
{"level":"info","message":"GET /api/users/me","timestamp":"2025-12-21T20:02:02.803Z"}
{"level":"info","message":"PATCH /api/users/me","timestamp":"2025-12-21T20:02:02.825Z"}
{"level":"info","message":"POST /api/auth/login","timestamp":"2025-12-21T20:02:34.158Z"}
{"level":"info","message":"GET /api/users/me","timestamp":"2025-12-21T20:02:34.283Z"}
{"level":"info","message":"GET /api/users/me","timestamp":"2025-12-21T20:02:34.319Z"}
{"level":"info","message":"GET /api/users/me","timestamp":"2025-12-21T20:02:36.556Z"}
{"level":"info","message":"GET /api/users/me","timestamp":"2025-12-21T20:02:36.587Z"}
{"level":"info","message":"PATCH /api/users/me","timestamp":"2025-12-21T20:02:37.329Z"}
{"level":"info","message":"GET /api/users/me","timestamp":"2025-12-21T20:02:37.401Z"}
{"level":"info","message":"GET /api/users/me","timestamp":"2025-12-21T20:02:37.409Z"}
{"level":"info","message":"GET /api/users/me","timestamp":"2025-12-21T20:02:42.316Z"}
{"level":"info","message":"PATCH /api/users/me","timestamp":"2025-12-21T20:02:42.329Z"}
{"level":"info","message":"GET /api/users/me","timestamp":"2025-12-21T20:02:51.425Z"}
{"level":"info","message":"GET /api/users/me","timestamp":"2025-12-21T20:02:52.888Z"}
{"level":"info","message":"GET /api/users/me","timestamp":"2025-12-21T20:02:52.927Z"}
{"level":"info","message":"PATCH /api/users/me","timestamp":"2025-12-21T20:02:53.535Z"}
{"level":"info","message":"GET /api/users/me","timestamp":"2025-12-21T20:02:53.620Z"}
{"level":"info","message":"GET /api/users/me","timestamp":"2025-12-21T20:02:53.623Z"}
{"level":"info","message":"GET /api/users/me","timestamp":"2025-12-21T20:02:55.894Z"}
{"level":"info","message":"PATCH /api/users/me","timestamp":"2025-12-21T20:02:57.909Z"}
{"level":"info","message":"GET /api/users/me","timestamp":"2025-12-21T20:03:03.022Z"}
{"level":"info","message":"GET /api/users/me","timestamp":"2025-12-21T20:03:03.042Z"}
{"level":"info","message":"PATCH /api/users/me","timestamp":"2025-12-21T20:03:03.973Z"}
{"level":"info","message":"GET /api/users/me","timestamp":"2025-12-21T20:03:04.049Z"}
{"level":"info","message":"GET /api/users/me","timestamp":"2025-12-21T20:03:04.060Z"}
{"level":"info","message":"GET /api/users/me","timestamp":"2025-12-21T20:03:08.686Z"}
{"level":"info","message":"GET /api/users/me","timestamp":"2025-12-21T20:03:08.722Z"}
{"level":"info","message":"PATCH /api/users/me","timestamp":"2025-12-21T20:03:09.382Z"}
{"level":"info","message":"GET /api/users/me","timestamp":"2025-12-21T20:03:09.450Z"}
{"level":"info","message":"GET /api/users/me","timestamp":"2025-12-21T20:03:09.451Z"}
{"level":"info","message":"GET /api/users/me","timestamp":"2025-12-21T20:03:13.665Z"}
{"level":"info","message":"GET /api/users/me","timestamp":"2025-12-21T20:03:13.693Z"}
{"level":"info","message":"PATCH /api/users/me","timestamp":"2025-12-21T20:03:14.285Z"}
{"level":"info","message":"GET /api/users/me","timestamp":"2025-12-21T20:03:14.344Z"}
{"level":"info","message":"GET /api/users/me","timestamp":"2025-12-21T20:03:14.344Z"}
{"level":"info","message":"GET /api/users/me","timestamp":"2025-12-21T20:03:18.497Z"}
{"level":"info","message":"GET /api/users/me","timestamp":"2025-12-21T20:03:18.534Z"}
{"level":"info","message":"PATCH /api/users/me","timestamp":"2025-12-21T20:03:19.336Z"}
{"level":"info","message":"GET /api/users/me","timestamp":"2025-12-21T20:03:19.401Z"}
{"level":"info","message":"GET /api/users/me","timestamp":"2025-12-21T20:03:19.401Z"}
{"level":"info","message":"GET /api/users/me","timestamp":"2025-12-21T20:03:22.332Z"}
{"level":"info","message":"PATCH /api/users/me","timestamp":"2025-12-21T20:03:29.022Z"}
{"level":"info","message":"PATCH /api/users/me","timestamp":"2025-12-21T20:03:41.463Z"}
{"level":"info","message":"GET /api/users/me","timestamp":"2025-12-21T20:04:51.888Z"}
{"level":"info","message":"GET /api/users/me","timestamp":"2025-12-21T20:05:48.190Z"}
{"level":"info","message":"POST /api/auth/login","timestamp":"2025-12-21T20:35:51.319Z"}
{"level":"info","message":"GET /api/users/me","timestamp":"2025-12-21T20:35:51.515Z"}
{"level":"info","message":"GET /api/users/me","timestamp":"2025-12-21T20:35:51.531Z"}
{"level":"info","message":"GET /api/users/me","timestamp":"2025-12-21T20:35:52.525Z"}
{"level":"info","message":"GET /api/users/me","timestamp":"2025-12-21T20:35:54.387Z"}
{"level":"info","message":"POST /api/auth/login","timestamp":"2025-12-21T20:36:41.499Z"}
{"level":"info","message":"GET /api/users/me","timestamp":"2025-12-21T20:36:41.670Z"}
{"level":"info","message":"GET /api/users/me","timestamp":"2025-12-21T20:36:41.708Z"}
{"level":"info","message":"POST /api/auth/login","timestamp":"2025-12-21T20:36:41.855Z"}
{"level":"info","message":"GET /api/users/me","timestamp":"2025-12-21T20:36:42.650Z"}
{"level":"info","message":"GET /api/users/me","timestamp":"2025-12-21T20:36:43.800Z"}
{"level":"info","message":"GET /api/users/me","timestamp":"2025-12-21T20:36:43.820Z"}
{"level":"info","message":"GET /api/users/me","timestamp":"2025-12-21T20:36:45.400Z"}
{"level":"info","message":"GET /api/users/me","timestamp":"2025-12-21T20:36:45.425Z"}
{"level":"info","message":"PATCH /api/users/me","timestamp":"2025-12-21T20:36:47.095Z"}
{"level":"info","message":"GET /api/users/me","timestamp":"2025-12-21T20:36:48.909Z"}
{"level":"info","message":"GET /api/users/me","timestamp":"2025-12-21T20:36:50.130Z"}
{"level":"info","message":"GET /api/users/me","timestamp":"2025-12-21T20:36:53.974Z"}
{"level":"info","message":"GET /api/users/me","timestamp":"2025-12-21T20:36:53.999Z"}
{"level":"info","message":"PATCH /api/users/me","timestamp":"2025-12-21T20:36:54.822Z"}
{"level":"info","message":"GET /api/users/me","timestamp":"2025-12-21T20:36:54.874Z"}
{"level":"info","message":"GET /api/users/me","timestamp":"2025-12-21T20:36:54.882Z"}
{"level":"info","message":"GET /api/users/me","timestamp":"2025-12-21T20:36:57.952Z"}
{"level":"info","message":"POST /api/auth/login","timestamp":"2025-12-21T20:39:20.773Z"}
{"level":"info","message":"GET /api/users/me","timestamp":"2025-12-21T20:39:20.907Z"}
{"level":"info","message":"GET /api/users/me","timestamp":"2025-12-21T20:39:20.934Z"}
{"level":"info","message":"POST /api/auth/login","timestamp":"2025-12-21T20:39:21.161Z"}
{"level":"info","message":"GET /api/users/me","timestamp":"2025-12-21T20:39:23.931Z"}
{"level":"info","message":"GET /api/users/me","timestamp":"2025-12-21T20:39:33.503Z"}
{"level":"info","message":"GET /api/users/me","timestamp":"2025-12-21T20:39:33.527Z"}
{"level":"info","message":"GET /api/users/me","timestamp":"2025-12-21T20:39:34.983Z"}
{"level":"info","message":"GET /api/users/me","timestamp":"2025-12-21T20:39:35.006Z"}
{"level":"info","message":"GET /api/users/me","timestamp":"2025-12-21T20:39:46.975Z"}
{"level":"info","message":"GET /api/users/me","timestamp":"2025-12-21T20:39:46.999Z"}
{"level":"info","message":"PATCH /api/users/me","timestamp":"2025-12-21T20:39:49.860Z"}
{"level":"info","message":"GET /api/users/me","timestamp":"2025-12-21T20:39:53.524Z"}
{"level":"info","message":"GET /api/users/me","timestamp":"2025-12-21T20:39:53.560Z"}
{"level":"info","message":"PATCH /api/users/me","timestamp":"2025-12-21T20:39:54.284Z"}
{"level":"info","message":"GET /api/users/me","timestamp":"2025-12-21T20:39:54.349Z"}
{"level":"info","message":"GET /api/users/me","timestamp":"2025-12-21T20:39:54.352Z"}
{"level":"info","message":"GET /api/users/me","timestamp":"2025-12-21T20:39:57.976Z"}
{"level":"info","message":"GET /api/users/me","timestamp":"2025-12-21T20:40:31.081Z"}
{"level":"info","message":"GET /api/users/me","timestamp":"2025-12-21T20:40:32.704Z"}
{"level":"info","message":"POST /api/auth/login","timestamp":"2025-12-21T22:14:57.362Z"}
{"level":"info","message":"GET /api/users/me","timestamp":"2025-12-21T22:14:57.496Z"}
{"level":"info","message":"GET /api/users/me","timestamp":"2025-12-21T22:14:57.526Z"}
{"level":"info","message":"GET /api/users/me","timestamp":"2025-12-21T22:14:58.382Z"}
{"level":"info","message":"PATCH /api/users/me","timestamp":"2025-12-21T22:15:00.217Z"}
{"level":"info","message":"GET /api/users/me","timestamp":"2025-12-21T22:15:01.933Z"}
{"level":"info","message":"GET /api/users/me","timestamp":"2025-12-21T22:15:01.959Z"}
{"level":"info","message":"PATCH /api/users/me","timestamp":"2025-12-21T22:15:02.788Z"}
{"level":"info","message":"GET /api/users/me","timestamp":"2025-12-21T22:15:02.861Z"}
{"level":"info","message":"GET /api/users/me","timestamp":"2025-12-21T22:15:02.866Z"}
{"level":"info","message":"GET /api/users/me","timestamp":"2025-12-21T22:15:05.567Z"}
{"level":"info","message":"POST /api/auth/login","timestamp":"2025-12-22T00:53:22.653Z"}
{"level":"info","message":"GET /api/users/me","timestamp":"2025-12-22T00:53:22.802Z"}
{"level":"info","message":"GET /api/users/me","timestamp":"2025-12-22T00:53:22.827Z"}
{"level":"info","message":"GET /api/users/me","timestamp":"2025-12-22T00:53:23.813Z"}
{"level":"info","message":"GET /api/users/me","timestamp":"2025-12-22T00:53:25.035Z"}
{"level":"info","message":"GET /api/users/me","timestamp":"2025-12-22T00:53:25.049Z"}
{"level":"info","message":"GET /api/users/me","timestamp":"2025-12-22T00:53:26.456Z"}
{"level":"info","message":"GET /api/users/me","timestamp":"2025-12-22T00:53:26.457Z"}
{"level":"info","message":"GET /api/users/me","timestamp":"2025-12-22T00:53:28.033Z"}
{"level":"info","message":"GET /api/users/me","timestamp":"2025-12-22T00:53:28.051Z"}
{"level":"info","message":"GET /api/users/me","timestamp":"2025-12-22T00:53:30.662Z"}
{"level":"info","message":"GET /api/users/me","timestamp":"2025-12-22T00:53:30.663Z"}
{"level":"info","message":"GET /api/users/me","timestamp":"2025-12-22T00:53:34.512Z"}
{"level":"info","message":"GET /api/users/me","timestamp":"2025-12-22T00:53:34.556Z"}
{"level":"info","message":"POST /api/auth/login","timestamp":"2025-12-22T03:48:45.688Z"}
{"level":"info","message":"GET /api/users/me","timestamp":"2025-12-22T03:48:45.810Z"}
{"level":"info","message":"GET /api/users/me","timestamp":"2025-12-22T03:48:45.827Z"}
{"level":"info","message":"POST /api/auth/login","timestamp":"2025-12-22T03:49:53.785Z"}
{"level":"info","message":"GET /api/users/me","timestamp":"2025-12-22T03:49:53.861Z"}
{"level":"info","message":"GET /api/users/me","timestamp":"2025-12-22T03:49:53.889Z"}
{"level":"info","message":"GET /api/users/me","timestamp":"2025-12-22T03:49:56.232Z"}
{"level":"info","message":"GET /api/users/me","timestamp":"2025-12-22T03:49:58.010Z"}
{"level":"info","message":"GET /api/users/me","timestamp":"2025-12-22T03:49:59.544Z"}
{"level":"info","message":"GET /api/users/me","timestamp":"2025-12-22T03:50:01.103Z"}
{"level":"info","message":"POST /api/auth/login","timestamp":"2025-12-22T03:50:51.006Z"}
{"level":"info","message":"GET /api/users/me","timestamp":"2025-12-22T03:50:51.084Z"}
{"level":"info","message":"GET /api/users/me","timestamp":"2025-12-22T03:50:51.107Z"}
{"level":"info","message":"GET /api/users/me","timestamp":"2025-12-22T03:50:53.245Z"}
{"level":"info","message":"GET /api/users/me","timestamp":"2025-12-22T03:50:54.750Z"}
{"level":"info","message":"GET /api/users/me","timestamp":"2025-12-22T03:51:00.438Z"}
{"level":"info","message":"GET /api/users/me","timestamp":"2025-12-22T03:51:04.826Z"}
{"level":"info","message":"GET /api/users/me","timestamp":"2025-12-22T03:51:08.751Z"}
{"level":"info","message":"GET /api/users/me","timestamp":"2025-12-22T03:51:10.476Z"}
{"level":"info","message":"GET /api/users/me","timestamp":"2025-12-22T03:51:15.431Z"}
{"level":"info","message":"GET /api/users/me","timestamp":"2025-12-22T03:51:36.313Z"}
{"level":"info","message":"GET /api/users/me","timestamp":"2025-12-22T03:51:51.828Z"}
{"level":"info","message":"POST /api/auth/register","timestamp":"2025-12-22T03:52:23.317Z"}
{"level":"info","message":"POST /api/auth/login","timestamp":"2025-12-22T03:52:33.547Z"}
{"level":"info","message":"POST /api/auth/login","timestamp":"2025-12-22T03:52:41.100Z"}
{"level":"info","message":"GET /api/users/me","timestamp":"2025-12-22T03:52:41.171Z"}
{"level":"info","message":"GET /api/users/me","timestamp":"2025-12-22T03:52:41.200Z"}
{"level":"info","message":"GET /api/users/me","timestamp":"2025-12-22T03:52:42.533Z"}
{"level":"info","message":"GET /api/users/me","timestamp":"2025-12-22T03:52:46.288Z"}
{"level":"info","message":"GET /api/users/me","timestamp":"2025-12-22T03:53:11.512Z"}
{"level":"info","message":"GET /api/users/me","timestamp":"2025-12-22T03:53:21.962Z"}
{"level":"info","message":"GET /api/users/me","timestamp":"2025-12-22T03:53:26.877Z"}
{"level":"info","message":"GET /api/users/me","timestamp":"2025-12-22T03:53:28.290Z"}
{"level":"info","message":"GET /api/users/me","timestamp":"2025-12-22T03:53:31.595Z"}
{"level":"info","message":"GET /api/users/me","timestamp":"2025-12-22T03:53:36.077Z"}
{"level":"info","message":"GET /api/users/me","timestamp":"2025-12-22T03:53:44.867Z"}
{"level":"info","message":"PATCH /api/users/me","timestamp":"2025-12-22T03:53:52.703Z"}
{"level":"info","message":"GET /api/users/me","timestamp":"2025-12-22T03:53:52.748Z"}
{"level":"info","message":"GET /api/users/me","timestamp":"2025-12-22T03:53:52.752Z"}
{"level":"info","message":"GET /api/users/me","timestamp":"2025-12-22T03:53:55.413Z"}
{"level":"info","message":"GET /api/users/me","timestamp":"2025-12-22T03:54:04.197Z"}
{"level":"info","message":"GET /api/users/me","timestamp":"2025-12-22T03:54:05.816Z"}
{"level":"info","message":"PATCH /api/users/me","timestamp":"2025-12-22T03:54:08.809Z"}
{"level":"info","message":"GET /api/users/me","timestamp":"2025-12-22T03:54:08.853Z"}
{"level":"info","message":"GET /api/users/me","timestamp":"2025-12-22T03:54:08.860Z"}
{"level":"info","message":"GET /api/users/me","timestamp":"2025-12-22T03:55:20.807Z"}
{"level":"info","message":"GET /api/users/me","timestamp":"2025-12-22T03:55:20.862Z"}
{"level":"info","message":"GET /api/users/me","timestamp":"2025-12-22T03:55:22.296Z"}
{"level":"info","message":"GET /api/users/me","timestamp":"2025-12-22T03:55:22.337Z"}
{"level":"info","message":"GET /api/users/me","timestamp":"2025-12-22T03:56:58.856Z"}
{"level":"info","message":"GET /api/users/me","timestamp":"2025-12-22T03:56:58.866Z"}
{"level":"info","message":"GET /api/users/me","timestamp":"2025-12-22T03:57:02.688Z"}
{"level":"info","message":"GET /api/users/me","timestamp":"2025-12-22T03:57:02.747Z"}
{"level":"info","message":"GET /api/users/me","timestamp":"2025-12-22T03:57:05.561Z"}
{"level":"info","message":"GET /api/users/me","timestamp":"2025-12-22T03:57:05.600Z"}
{"level":"info","message":"GET /api/users/me","timestamp":"2025-12-22T03:58:34.656Z"}
{"level":"info","message":"GET /api/users/me","timestamp":"2025-12-22T03:58:34.668Z"}
{"level":"info","message":"POST /api/auth/login","timestamp":"2025-12-22T04:04:17.608Z"}
{"level":"info","message":"GET /api/users/me","timestamp":"2025-12-22T04:04:17.727Z"}
{"level":"info","message":"GET /api/users/me","timestamp":"2025-12-22T04:04:17.752Z"}
{"level":"info","message":"GET /api/users/me","timestamp":"2025-12-22T04:04:18.877Z"}
{"level":"info","message":"GET /api/users/me","timestamp":"2025-12-22T04:04:20.440Z"}
{"level":"info","message":"GET /api/users/me","timestamp":"2025-12-22T04:04:22.195Z"}
{"level":"info","message":"GET /api/users/me","timestamp":"2025-12-22T04:04:23.992Z"}
{"level":"info","message":"GET /api/users/me","timestamp":"2025-12-22T04:04:25.393Z"}
{"level":"info","message":"GET /api/users/me","timestamp":"2025-12-22T04:04:27.684Z"}
{"level":"info","message":"GET /api/users/me","timestamp":"2025-12-22T04:04:29.698Z"}
{"level":"info","message":"GET /api/users/me","timestamp":"2025-12-22T04:04:29.717Z"}
{"level":"info","message":"PATCH /api/users/me","timestamp":"2025-12-22T04:04:30.425Z"}
{"level":"info","message":"GET /api/users/me","timestamp":"2025-12-22T04:04:30.525Z"}
{"level":"info","message":"GET /api/users/me","timestamp":"2025-12-22T04:04:30.526Z"}
{"level":"info","message":"GET /api/users/me","timestamp":"2025-12-22T04:04:34.719Z"}
{"level":"info","message":"GET /api/users/me","timestamp":"2025-12-22T04:04:38.421Z"}
{"level":"info","message":"GET /api/users/me","timestamp":"2025-12-22T04:04:39.587Z"}
{"level":"info","message":"GET /api/users/me","timestamp":"2025-12-22T04:04:45.963Z"}
{"level":"info","message":"GET /api/users/me","timestamp":"2025-12-22T04:04:48.757Z"}
{"level":"info","message":"GET /api/users/me","timestamp":"2025-12-22T04:04:48.765Z"}
{"level":"info","message":"PATCH /api/users/me","timestamp":"2025-12-22T04:04:49.578Z"}
{"level":"info","message":"GET /api/users/me","timestamp":"2025-12-22T04:04:49.679Z"}
{"level":"info","message":"GET /api/users/me","timestamp":"2025-12-22T04:04:49.680Z"}
{"level":"info","message":"POST /api/auth/login","timestamp":"2025-12-22T05:29:23.510Z"}
{"level":"info","message":"GET /api/users/me","timestamp":"2025-12-22T05:29:23.613Z"}
{"level":"info","message":"GET /api/users/me","timestamp":"2025-12-22T05:29:23.641Z"}
{"level":"info","message":"GET /api/users/me","timestamp":"2025-12-22T05:29:24.467Z"}
{"level":"info","message":"GET /api/users/me","timestamp":"2025-12-22T05:29:32.581Z"}
{"level":"info","message":"GET /api/users/me","timestamp":"2025-12-22T05:29:32.590Z"}
{"level":"info","message":"PATCH /api/users/me","timestamp":"2025-12-22T05:29:33.512Z"}
{"level":"info","message":"GET /api/users/me","timestamp":"2025-12-22T05:29:33.577Z"}
{"level":"info","message":"GET /api/users/me","timestamp":"2025-12-22T05:29:33.586Z"}
{"level":"info","message":"GET /api/users/me","timestamp":"2025-12-22T05:29:36.298Z"}
{"level":"info","message":"GET /api/users/me","timestamp":"2025-12-22T05:29:37.589Z"}
{"level":"info","message":"GET /api/users/me","timestamp":"2025-12-22T05:29:37.599Z"}
{"level":"info","message":"PATCH /api/users/me","timestamp":"2025-12-22T05:29:39.362Z"}
{"level":"info","message":"GET /api/users/me","timestamp":"2025-12-22T05:30:08.950Z"}
{"level":"info","message":"GET /api/users/me","timestamp":"2025-12-22T05:30:08.954Z"}
{"level":"info","message":"GET /api/users/me","timestamp":"2025-12-22T05:30:19.308Z"}
{"level":"info","message":"GET /api/users/me","timestamp":"2025-12-22T05:30:19.318Z"}
{"level":"info","message":"GET /api/users/me","timestamp":"2025-12-22T05:30:56.051Z"}
{"level":"info","message":"GET /api/users/me","timestamp":"2025-12-22T05:30:56.063Z"}
{"level":"info","message":"POST /api/auth/login","timestamp":"2025-12-22T08:35:40.251Z"}
{"level":"info","message":"GET /api/users/me","timestamp":"2025-12-22T08:35:40.350Z"}
{"level":"info","message":"GET /api/users/me","timestamp":"2025-12-22T08:35:40.558Z"}
{"level":"info","message":"GET /api/users/me","timestamp":"2025-12-22T08:35:52.744Z"}
{"level":"info","message":"GET /api/users/me","timestamp":"2025-12-22T08:35:52.784Z"}
{"level":"info","message":"PATCH /api/users/me","timestamp":"2025-12-22T08:35:54.196Z"}
{"level":"info","message":"GET /api/users/me","timestamp":"2025-12-22T08:35:54.510Z"}
{"level":"info","message":"GET /api/users/me","timestamp":"2025-12-22T08:35:54.517Z"}
{"level":"info","message":"PATCH /api/users/me","timestamp":"2025-12-22T08:35:55.111Z"}
{"level":"info","message":"GET /api/users/me","timestamp":"2025-12-22T08:35:55.397Z"}
{"level":"info","message":"GET /api/users/me","timestamp":"2025-12-22T08:35:55.398Z"}
{"level":"info","message":"GET /api/users/me","timestamp":"2025-12-22T08:36:56.264Z"}
{"level":"info","message":"GET /api/users/me","timestamp":"2025-12-22T08:36:56.278Z"}
{"level":"info","message":"POST /api/auth/login","timestamp":"2025-12-22T08:40:42.067Z"}
{"level":"info","message":"GET /api/users/me","timestamp":"2025-12-22T08:40:42.181Z"}
{"level":"info","message":"GET /api/users/me","timestamp":"2025-12-22T08:40:42.216Z"}
{"level":"info","message":"GET /api/users/me","timestamp":"2025-12-22T08:40:43.146Z"}
{"level":"info","message":"GET /api/users/me","timestamp":"2025-12-22T08:42:41.483Z"}
{"level":"info","message":"GET /api/users/me","timestamp":"2025-12-22T08:42:41.491Z"}
{"level":"info","message":"PATCH /api/users/me","timestamp":"2025-12-22T08:42:42.070Z"}
{"level":"info","message":"GET /api/users/me","timestamp":"2025-12-22T08:42:42.224Z"}
{"level":"info","message":"GET /api/users/me","timestamp":"2025-12-22T08:42:42.225Z"}
{"level":"info","message":"PATCH /api/users/me","timestamp":"2025-12-22T08:42:42.678Z"}
{"level":"info","message":"POST /api/auth/login","timestamp":"2025-12-22T08:51:11.150Z"}
{"level":"info","message":"GET /api/users/me","timestamp":"2025-12-22T08:51:11.293Z"}
{"level":"info","message":"GET /api/users/me","timestamp":"2025-12-22T08:51:11.319Z"}
{"level":"info","message":"POST /api/auth/login","timestamp":"2025-12-22T08:52:38.537Z"}
{"level":"info","message":"GET /api/users/me","timestamp":"2025-12-22T08:52:38.637Z"}
{"level":"info","message":"GET /api/users/me","timestamp":"2025-12-22T08:52:38.661Z"}
{"level":"info","message":"GET /api/users/me","timestamp":"2025-12-22T08:52:40.030Z"}
{"level":"info","message":"GET /api/users/me","timestamp":"2025-12-22T08:52:49.722Z"}
{"level":"info","message":"PATCH /api/users/me","timestamp":"2025-12-22T08:52:54.905Z"}
{"level":"info","message":"GET /api/users/me","timestamp":"2025-12-22T08:52:55.019Z"}
{"level":"info","message":"GET /api/users/me","timestamp":"2025-12-22T08:52:55.027Z"}
{"level":"info","message":"POST /api/auth/login","timestamp":"2025-12-22T08:53:15.814Z"}
{"level":"info","message":"GET /api/users/me","timestamp":"2025-12-22T08:53:15.907Z"}
{"level":"info","message":"GET /api/users/me","timestamp":"2025-12-22T08:53:16.051Z"}
{"level":"info","message":"POST /api/auth/login","timestamp":"2025-12-22T08:58:22.082Z"}
{"level":"info","message":"POST /api/auth/login","timestamp":"2025-12-22T08:58:30.429Z"}
{"level":"info","message":"POST /api/auth/login","timestamp":"2025-12-22T08:58:33.009Z"}
{"level":"info","message":"POST /api/auth/login","timestamp":"2025-12-22T08:58:48.117Z"}
{"level":"info","message":"POST /api/auth/login","timestamp":"2025-12-22T08:58:53.161Z"}
{"level":"info","message":"POST /api/auth/login","timestamp":"2025-12-22T08:59:02.616Z"}
{"level":"info","message":"POST /api/auth/login","timestamp":"2025-12-22T08:59:04.220Z"}
{"level":"info","message":"POST /api/auth/login","timestamp":"2025-12-22T08:59:21.276Z"}
{"level":"info","message":"POST /api/auth/login","timestamp":"2025-12-22T08:59:35.328Z"}
{"level":"info","message":"POST /api/auth/login","timestamp":"2025-12-22T09:00:56.508Z"}
{"level":"info","message":"POST /api/auth/login","timestamp":"2025-12-22T09:01:24.943Z"}
{"level":"info","message":"GET /api/users/me","timestamp":"2025-12-22T09:01:25.008Z"}
{"level":"info","message":"GET /api/users/me","timestamp":"2025-12-22T09:01:25.085Z"}
{"level":"info","message":"POST /api/auth/login","timestamp":"2025-12-22T09:01:42.351Z"}
{"level":"info","message":"GET /api/users/me","timestamp":"2025-12-22T09:01:42.481Z"}
{"level":"info","message":"GET /api/users/me","timestamp":"2025-12-22T09:01:42.575Z"}
{"level":"info","message":"POST /api/auth/login","timestamp":"2025-12-22T09:01:53.911Z"}
{"level":"info","message":"GET /api/users/me","timestamp":"2025-12-22T09:01:54.031Z"}
{"level":"info","message":"GET /api/users/me","timestamp":"2025-12-22T09:01:54.121Z"}
{"level":"info","message":"POST /api/auth/login","timestamp":"2025-12-22T09:06:38.287Z"}
{"level":"info","message":"GET /api/users/me","timestamp":"2025-12-22T09:06:38.353Z"}
{"level":"info","message":"GET /api/users/me","timestamp":"2025-12-22T09:06:38.510Z"}
{"level":"info","message":"GET /api/users/me","timestamp":"2025-12-22T09:08:25.086Z"}
{"level":"info","message":"GET /api/users/me","timestamp":"2025-12-22T09:08:27.324Z"}
{"level":"info","message":"GET /api/users/me","timestamp":"2025-12-22T09:09:22.529Z"}
{"level":"info","message":"GET /api/users/me","timestamp":"2025-12-22T09:09:24.671Z"}
{"level":"info","message":"GET /api/users/me","timestamp":"2025-12-22T09:10:00.768Z"}
{"level":"info","message":"POST /api/auth/login","timestamp":"2025-12-22T09:10:17.929Z"}
{"level":"info","message":"GET /api/users/me","timestamp":"2025-12-22T09:10:18.052Z"}
{"level":"info","message":"GET /api/users/me","timestamp":"2025-12-22T09:10:18.077Z"}
{"level":"info","message":"GET /api/users/me","timestamp":"2025-12-22T09:10:18.880Z"}
{"level":"info","message":"GET /api/users/me","timestamp":"2025-12-22T09:11:02.827Z"}
{"level":"info","message":"GET /api/users/me","timestamp":"2025-12-22T09:11:17.368Z"}
{"level":"info","message":"GET /api/users/me","timestamp":"2025-12-22T09:11:21.132Z"}
{"level":"info","message":"GET /api/users/me","timestamp":"2025-12-22T09:11:25.550Z"}
{"level":"info","message":"GET /api/users/me","timestamp":"2025-12-22T09:11:28.928Z"}
{"level":"info","message":"GET /api/users/me","timestamp":"2025-12-22T09:11:34.704Z"}
{"level":"info","message":"GET /api/users/me","timestamp":"2025-12-22T09:11:46.545Z"}
{"level":"info","message":"PATCH /api/users/me","timestamp":"2025-12-22T09:11:59.230Z"}
{"level":"info","message":"GET /api/users/me","timestamp":"2025-12-22T09:11:59.303Z"}
{"level":"info","message":"GET /api/users/me","timestamp":"2025-12-22T09:11:59.311Z"}
{"level":"info","message":"POST /api/auth/login","timestamp":"2025-12-22T09:12:22.504Z"}
{"level":"info","message":"GET /api/users/me","timestamp":"2025-12-22T09:12:22.571Z"}
{"level":"info","message":"GET /api/users/me","timestamp":"2025-12-22T09:12:22.608Z"}
{"level":"info","message":"GET /api/users/me","timestamp":"2025-12-22T09:12:23.358Z"}
{"level":"info","message":"GET /api/users/me","timestamp":"2025-12-22T09:12:31.634Z"}
{"level":"info","message":"GET /api/users/me","timestamp":"2025-12-22T09:12:38.757Z"}
{"level":"info","message":"GET /api/users/me","timestamp":"2025-12-22T09:13:12.629Z"}
{"level":"info","message":"GET /api/users/me","timestamp":"2025-12-22T09:13:12.630Z"}
{"level":"info","message":"GET /api/users/me","timestamp":"2025-12-22T09:13:12.631Z"}
{"level":"info","message":"GET /api/users/me","timestamp":"2025-12-22T09:13:16.770Z"}
{"level":"info","message":"GET /api/users/me","timestamp":"2025-12-22T09:13:16.771Z"}
{"level":"info","message":"GET /api/users/me","timestamp":"2025-12-22T09:13:16.771Z"}
{"level":"info","message":"GET /api/users/me","timestamp":"2025-12-22T09:13:18.572Z"}
{"level":"info","message":"GET /api/users/me","timestamp":"2025-12-22T09:13:18.573Z"}
{"level":"info","message":"GET /api/users/me","timestamp":"2025-12-22T09:13:18.574Z"}
{"level":"info","message":"GET /api/users/me","timestamp":"2025-12-22T09:13:24.680Z"}
{"level":"info","message":"GET /api/users/me","timestamp":"2025-12-22T09:13:31.942Z"}
{"level":"info","message":"GET /api/users/me","timestamp":"2025-12-22T09:13:37.855Z"}
{"level":"info","message":"GET /api/users/me","timestamp":"2025-12-22T09:13:42.986Z"}
{"level":"info","message":"GET /api/users/me","timestamp":"2025-12-22T09:13:42.992Z"}
{"level":"info","message":"GET /api/users/me","timestamp":"2025-12-22T09:13:42.992Z"}
{"level":"info","message":"GET /api/users/me","timestamp":"2025-12-22T09:13:42.995Z"}
{"level":"info","message":"GET /api/users/me","timestamp":"2025-12-22T09:13:42.997Z"}
{"level":"info","message":"GET /api/users/me","timestamp":"2025-12-22T09:13:43.000Z"}
{"level":"info","message":"GET /api/users/me","timestamp":"2025-12-22T09:13:44.823Z"}
{"level":"info","message":"GET /api/users/me","timestamp":"2025-12-22T09:13:44.824Z"}
{"level":"info","message":"GET /api/users/me","timestamp":"2025-12-22T09:13:44.825Z"}
{"level":"info","message":"GET /api/users/me","timestamp":"2025-12-22T09:13:44.825Z"}
{"level":"info","message":"GET /api/users/me","timestamp":"2025-12-22T09:13:44.825Z"}
{"level":"info","message":"GET /api/users/me","timestamp":"2025-12-22T09:13:44.835Z"}
{"level":"info","message":"GET /api/users/me","timestamp":"2025-12-22T09:17:02.408Z"}
{"level":"info","message":"GET /api/users/me","timestamp":"2025-12-22T09:17:55.830Z"}
{"level":"info","message":"GET /api/users/me","timestamp":"2025-12-22T09:17:59.634Z"}
{"level":"info","message":"POST /api/auth/login","timestamp":"2025-12-22T09:27:58.081Z"}
{"level":"info","message":"GET /api/users/me","timestamp":"2025-12-22T09:27:58.198Z"}
{"level":"info","message":"GET /api/users/me","timestamp":"2025-12-22T09:27:58.244Z"}
{"level":"info","message":"GET /api/users/me","timestamp":"2025-12-22T09:27:58.249Z"}
{"level":"info","message":"PATCH /api/users/me","timestamp":"2025-12-22T09:27:59.933Z"}
{"level":"info","message":"GET /api/users/me","timestamp":"2025-12-22T09:27:59.988Z"}
{"level":"info","message":"GET /api/users/me","timestamp":"2025-12-22T09:27:59.989Z"}
{"level":"info","message":"PATCH /api/users/me","timestamp":"2025-12-22T09:28:00.736Z"}
{"level":"info","message":"GET /api/users/me","timestamp":"2025-12-22T09:28:00.794Z"}
{"level":"info","message":"GET /api/users/me","timestamp":"2025-12-22T09:28:00.795Z"}
{"level":"info","message":"POST /api/auth/login","timestamp":"2025-12-22T09:31:39.940Z"}
{"level":"info","message":"GET /api/users/me","timestamp":"2025-12-22T09:31:40.052Z"}
{"level":"info","message":"GET /api/users/me","timestamp":"2025-12-22T09:31:40.173Z"}
{"level":"info","message":"GET /api/users/me","timestamp":"2025-12-22T09:31:40.178Z"}
{"level":"info","message":"GET /api/users/me","timestamp":"2025-12-22T09:31:41.366Z"}
{"level":"info","message":"GET /api/users/me","timestamp":"2025-12-22T09:31:47.960Z"}
{"level":"info","message":"GET /api/users/me","timestamp":"2025-12-22T09:31:55.540Z"}
{"level":"info","message":"GET /api/users/me","timestamp":"2025-12-22T09:32:20.759Z"}
{"level":"info","message":"GET /api/users/me","timestamp":"2025-12-22T09:32:27.246Z"}
{"level":"info","message":"GET /api/users/me","timestamp":"2025-12-22T09:32:30.039Z"}
{"level":"info","message":"GET /api/users/me","timestamp":"2025-12-22T09:32:32.055Z"}
{"level":"info","message":"GET /api/users/me","timestamp":"2025-12-22T09:32:34.351Z"}
{"level":"info","message":"GET /api/users/me","timestamp":"2025-12-22T09:32:36.152Z"}
{"level":"info","message":"GET /api/users/me","timestamp":"2025-12-22T09:33:42.797Z"}
{"level":"info","message":"POST /api/auth/login","timestamp":"2025-12-22T09:34:09.671Z"}
{"level":"info","message":"GET /api/users/me","timestamp":"2025-12-22T09:34:09.738Z"}
{"level":"info","message":"GET /api/users/me","timestamp":"2025-12-22T09:34:09.772Z"}
{"level":"info","message":"POST /api/auth/login","timestamp":"2025-12-22T09:35:02.797Z"}
{"level":"info","message":"GET /api/users/me","timestamp":"2025-12-22T09:35:02.908Z"}
{"level":"info","message":"GET /api/users/me","timestamp":"2025-12-22T09:35:02.942Z"}
{"level":"info","message":"GET /api/users/me","timestamp":"2025-12-22T09:35:04.256Z"}
{"level":"info","message":"GET /api/users/me","timestamp":"2025-12-22T09:35:31.343Z"}
{"level":"info","message":"GET /api/users/me","timestamp":"2025-12-22T09:35:35.701Z"}
{"level":"info","message":"GET /api/users/me","timestamp":"2025-12-22T09:35:45.817Z"}
{"level":"info","message":"GET /api/users/me","timestamp":"2025-12-22T09:35:45.818Z"}
{"level":"info","message":"GET /api/users/me","timestamp":"2025-12-22T09:35:49.544Z"}
{"level":"info","message":"GET /api/users/me","timestamp":"2025-12-22T09:35:54.939Z"}
{"level":"info","message":"GET /api/users/me","timestamp":"2025-12-22T09:35:57.793Z"}
{"level":"info","message":"GET /api/users/me","timestamp":"2025-12-22T09:35:57.802Z"}
{"level":"info","message":"GET /api/users/me","timestamp":"2025-12-22T09:35:57.803Z"}
{"level":"info","message":"GET /api/users/me","timestamp":"2025-12-22T09:36:01.683Z"}
{"level":"info","message":"GET /api/users/me","timestamp":"2025-12-22T09:36:01.683Z"}
{"level":"info","message":"GET /api/users/me","timestamp":"2025-12-22T09:36:01.684Z"}
{"level":"info","message":"GET /api/users/me","timestamp":"2025-12-22T09:36:16.737Z"}
{"level":"info","message":"GET /api/users/me","timestamp":"2025-12-22T09:36:16.739Z"}
{"level":"info","message":"GET /api/users/me","timestamp":"2025-12-22T09:36:16.740Z"}
{"level":"info","message":"POST /api/auth/login","timestamp":"2025-12-22T20:14:33.449Z"}
{"level":"info","message":"GET /api/users/me","timestamp":"2025-12-22T20:14:33.574Z"}
{"level":"info","message":"GET /api/users/me","timestamp":"2025-12-22T20:14:33.653Z"}
{"level":"info","message":"GET /api/users/me","timestamp":"2025-12-22T20:14:34.700Z"}
{"level":"info","message":"GET /api/users/me","timestamp":"2025-12-22T20:14:42.668Z"}
{"level":"info","message":"GET /api/users/me","timestamp":"2025-12-22T20:15:15.028Z"}
{"level":"info","message":"GET /api/users/me","timestamp":"2025-12-22T20:16:58.356Z"}
{"level":"info","message":"GET /api/users/me","timestamp":"2025-12-22T20:17:05.312Z"}
{"level":"info","message":"GET /api/users/me","timestamp":"2025-12-22T20:17:18.729Z"}
{"level":"info","message":"GET /api/users/me","timestamp":"2025-12-22T20:17:49.975Z"}
{"level":"info","message":"GET /api/users/me","timestamp":"2025-12-22T20:18:01.635Z"}
{"level":"info","message":"GET /api/users/me","timestamp":"2025-12-22T20:18:01.636Z"}
{"level":"info","message":"GET /api/users/me","timestamp":"2025-12-22T20:18:03.390Z"}
{"level":"info","message":"GET /api/users/me","timestamp":"2025-12-22T20:18:03.391Z"}
{"level":"info","message":"GET /api/users/me","timestamp":"2025-12-22T20:18:06.017Z"}
{"level":"info","message":"GET /api/users/me","timestamp":"2025-12-22T20:18:06.018Z"}
{"level":"info","message":"GET /api/users/me","timestamp":"2025-12-22T20:18:12.247Z"}
{"level":"info","message":"GET /api/users/me","timestamp":"2025-12-22T20:18:12.249Z"}
{"level":"info","message":"GET /api/users/me","timestamp":"2025-12-22T20:18:38.179Z"}
{"level":"info","message":"GET /api/users/me","timestamp":"2025-12-22T20:18:45.093Z"}
{"level":"info","message":"GET /api/users/me","timestamp":"2025-12-22T20:18:50.269Z"}
{"level":"info","message":"GET /api/users/me","timestamp":"2025-12-22T20:18:53.711Z"}
{"level":"info","message":"GET /api/users/me","timestamp":"2025-12-22T20:18:59.812Z"}
{"level":"info","message":"GET /api/users/me","timestamp":"2025-12-22T20:19:10.815Z"}
{"level":"info","message":"GET /api/users/me","timestamp":"2025-12-22T20:19:14.972Z"}
{"level":"info","message":"GET /api/users/me","timestamp":"2025-12-22T20:19:19.957Z"}
{"level":"info","message":"GET /api/users/me","timestamp":"2025-12-22T20:19:24.360Z"}
{"level":"info","message":"GET /api/users/me","timestamp":"2025-12-22T20:19:29.081Z"}
{"level":"info","message":"GET /api/users/me","timestamp":"2025-12-22T20:19:31.127Z"}
{"level":"info","message":"GET /api/users/me","timestamp":"2025-12-22T20:19:32.467Z"}
{"level":"info","message":"GET /api/users/me","timestamp":"2025-12-22T20:19:40.926Z"}
{"level":"info","message":"GET /api/users/me","timestamp":"2025-12-22T20:19:43.349Z"}
{"level":"info","message":"GET /api/users/me","timestamp":"2025-12-22T20:19:51.848Z"}
{"level":"info","message":"GET /api/users/me","timestamp":"2025-12-22T20:20:03.082Z"}
{"level":"info","message":"GET /api/users/me","timestamp":"2025-12-22T20:20:03.082Z"}
{"level":"info","message":"GET /api/users/me","timestamp":"2025-12-22T20:20:07.189Z"}
{"level":"info","message":"GET /api/users/me","timestamp":"2025-12-22T20:20:14.994Z"}
{"level":"info","message":"GET /api/users/me","timestamp":"2025-12-22T20:20:19.177Z"}
{"level":"info","message":"GET /api/users/me","timestamp":"2025-12-22T20:20:21.698Z"}
{"level":"info","message":"GET /api/users/me","timestamp":"2025-12-22T20:20:23.994Z"}
{"level":"info","message":"GET /api/users/me","timestamp":"2025-12-22T20:20:34.545Z"}
{"level":"info","message":"GET /api/users/me","timestamp":"2025-12-22T20:20:34.546Z"}
{"level":"info","message":"GET /api/users/me","timestamp":"2025-12-22T20:20:34.547Z"}
{"level":"info","message":"GET /api/users/me","timestamp":"2025-12-22T20:20:40.455Z"}
{"level":"info","message":"GET /api/users/me","timestamp":"2025-12-22T20:20:40.456Z"}
{"level":"info","message":"GET /api/users/me","timestamp":"2025-12-22T20:20:40.456Z"}
{"level":"info","message":"GET /api/users/me","timestamp":"2025-12-22T20:20:44.719Z"}
{"level":"info","message":"GET /api/users/me","timestamp":"2025-12-22T20:20:44.720Z"}
{"level":"info","message":"GET /api/users/me","timestamp":"2025-12-22T20:20:44.720Z"}
{"level":"info","message":"GET /api/users/me","timestamp":"2025-12-22T20:20:56.738Z"}
{"level":"info","message":"GET /api/users/me","timestamp":"2025-12-22T20:20:56.738Z"}
{"level":"info","message":"GET /api/users/me","timestamp":"2025-12-22T20:20:56.739Z"}
{"level":"info","message":"GET /api/users/me","timestamp":"2025-12-22T20:20:59.218Z"}
{"level":"info","message":"GET /api/users/me","timestamp":"2025-12-22T20:21:01.068Z"}
{"level":"info","message":"GET /api/users/me","timestamp":"2025-12-22T20:21:03.786Z"}
{"level":"info","message":"GET /api/users/me","timestamp":"2025-12-22T20:21:05.697Z"}
{"level":"info","message":"GET /api/users/me","timestamp":"2025-12-22T20:21:55.876Z"}
{"level":"info","message":"GET /api/users/me","timestamp":"2025-12-22T20:21:55.909Z"}
{"level":"info","message":"GET /api/users/me","timestamp":"2025-12-22T20:22:12.917Z"}
{"level":"info","message":"GET /api/users/me","timestamp":"2025-12-22T20:22:12.921Z"}
{"level":"info","message":"GET /api/users/me","timestamp":"2025-12-22T20:33:26.991Z"}
{"level":"info","message":"GET /api/users/me","timestamp":"2025-12-22T20:33:27.011Z"}
{"level":"info","message":"GET /api/users/me","timestamp":"2025-12-22T20:34:35.459Z"}
{"level":"info","message":"GET /api/users/me","timestamp":"2025-12-22T20:34:46.868Z"}
{"level":"info","message":"GET /api/users/me","timestamp":"2025-12-22T20:34:46.886Z"}
{"level":"info","message":"POST /api/auth/login","timestamp":"2025-12-22T21:14:41.637Z"}
{"level":"info","message":"POST /api/auth/login","timestamp":"2025-12-22T21:14:56.186Z"}
{"level":"info","message":"GET /api/users/me","timestamp":"2025-12-22T21:14:56.259Z"}
{"level":"info","message":"POST /api/auth/login","timestamp":"2025-12-22T21:14:57.229Z"}
{"level":"info","message":"GET /api/users/me","timestamp":"2025-12-22T21:14:57.282Z"}
{"level":"info","message":"GET /api/users/me","timestamp":"2025-12-22T21:14:57.283Z"}
{"level":"info","message":"GET /api/users/me","timestamp":"2025-12-22T21:14:57.283Z"}
{"level":"info","message":"GET /api/users/me","timestamp":"2025-12-22T21:14:57.284Z"}
{"level":"info","message":"GET /api/users/me","timestamp":"2025-12-22T21:14:57.288Z"}
{"level":"info","message":"GET /api/users/me","timestamp":"2025-12-22T21:14:58.333Z"}
{"level":"info","message":"GET /api/users/me","timestamp":"2025-12-22T21:14:59.313Z"}
{"level":"info","message":"GET /api/users/me","timestamp":"2025-12-22T21:14:59.314Z"}
{"level":"info","message":"GET /api/users/me","timestamp":"2025-12-22T21:14:59.315Z"}
{"level":"info","message":"GET /api/users/me","timestamp":"2025-12-22T21:14:59.318Z"}
{"level":"info","message":"GET /api/users/me","timestamp":"2025-12-22T21:14:59.323Z"}
{"level":"info","message":"GET /api/users/me","timestamp":"2025-12-22T21:15:00.401Z"}
{"level":"info","message":"GET /api/users/me","timestamp":"2025-12-22T21:15:06.125Z"}
{"level":"info","message":"GET /api/users/me","timestamp":"2025-12-22T21:15:09.417Z"}
{"level":"info","message":"GET /api/users/me","timestamp":"2025-12-22T21:15:11.808Z"}
{"level":"info","message":"GET /api/users/me","timestamp":"2025-12-22T21:15:14.101Z"}
{"level":"info","message":"GET /api/users/me","timestamp":"2025-12-22T21:15:14.853Z"}
{"level":"info","message":"GET /api/users/me","timestamp":"2025-12-22T21:15:14.865Z"}
{"level":"info","message":"GET /api/users/me","timestamp":"2025-12-22T21:15:17.600Z"}
{"level":"info","message":"GET /api/users/me","timestamp":"2025-12-22T21:15:18.317Z"}
{"level":"info","message":"GET /api/users/me","timestamp":"2025-12-22T21:15:18.339Z"}
{"level":"info","message":"GET /api/users/me","timestamp":"2025-12-22T21:15:21.498Z"}
{"level":"info","message":"GET /api/users/me","timestamp":"2025-12-22T21:15:22.176Z"}
{"level":"info","message":"GET /api/users/me","timestamp":"2025-12-22T21:15:22.227Z"}
{"level":"info","message":"GET /api/cities/jpn","timestamp":"2025-12-23T05:20:35.386Z"}
{"level":"info","message":"GET /api/cities?cca3=jpn","timestamp":"2025-12-23T05:20:55.872Z"}
{"level":"info","message":"GET /favicon.ico","timestamp":"2025-12-23T05:20:55.906Z"}
{"level":"info","message":"GET /api/cities/cca3=jpn","timestamp":"2025-12-23T05:21:02.312Z"}
{"level":"info","message":"GET /favicon.ico","timestamp":"2025-12-23T05:21:04.159Z"}
{"level":"info","message":"GET /api/cities?cca3=jpn","timestamp":"2025-12-23T05:25:24.812Z"}
{"level":"info","message":"GET /favicon.ico","timestamp":"2025-12-23T05:25:24.846Z"}
{"level":"info","message":"GET /api/cities?cca3=jpn","timestamp":"2025-12-23T05:25:59.559Z"}
{"level":"info","message":"GET /favicon.ico","timestamp":"2025-12-23T05:25:59.592Z"}
{"level":"info","message":"GET /api/cities?cca3=jpn","timestamp":"2025-12-23T05:26:07.877Z"}
{"level":"info","message":"GET /favicon.ico","timestamp":"2025-12-23T05:26:07.902Z"}
{"level":"info","message":"GET /api/cities?cca3=jpn","timestamp":"2025-12-23T05:27:42.706Z"}
{"level":"info","message":"GET /api/cities?cca3=JPN","timestamp":"2025-12-23T05:28:00.803Z"}
{"level":"info","message":"GET /api/cities?cca3=JPN","timestamp":"2025-12-23T05:28:17.117Z"}
{"level":"info","message":"GET /api/cities?cca3=JPN","timestamp":"2025-12-23T05:29:59.672Z"}
{"level":"info","message":"GET /api/cities?cca3=JPN","timestamp":"2025-12-23T05:30:38.381Z"}
{"level":"info","message":"GET /api/cities?cca3=jpn","timestamp":"2025-12-23T05:30:52.948Z"}
{"level":"info","message":"GET /favicon.ico","timestamp":"2025-12-23T05:30:52.988Z"}
{"level":"info","message":"GET /api/cities?cca3=jpn","timestamp":"2025-12-23T05:30:55.589Z"}
{"level":"info","message":"GET /favicon.ico","timestamp":"2025-12-23T05:30:55.628Z"}
{"level":"info","message":"GET /api/cities?cca3=JPN","timestamp":"2025-12-23T05:31:00.148Z"}
{"level":"info","message":"GET /favicon.ico","timestamp":"2025-12-23T05:31:00.204Z"}
{"level":"info","message":"GET /api/cities?cca3=JPN","timestamp":"2025-12-23T05:32:26.185Z"}
{"level":"info","message":"GET /api/cities?cca3=JPN","timestamp":"2025-12-23T05:35:45.974Z"}
